--------------------------------------------------------------------------------
Release 14.4 Trace  (nt64)
Copyright (c) 1995-2012 Xilinx, Inc.  All rights reserved.

D:\programma's\xilinx\14.4\ISE_DS\ISE\bin\nt64\unwrapped\trce.exe -intstyle ise
-v 3 -s 3 -n 3 -fastpaths -xml time_block.twx time_block.ncd -o time_block.twr
time_block.pcf

Design file:              time_block.ncd
Physical constraint file: time_block.pcf
Device,package,speed:     xc6slx16,csg324,C,-3 (PRODUCTION 1.23 2012-12-04)
Report level:             verbose report

Environment Variable      Effect 
--------------------      ------ 
NONE                      No environment variables were set
--------------------------------------------------------------------------------

INFO:Timing:2698 - No timing constraints found, doing default enumeration.
INFO:Timing:3412 - To improve timing, see the Timing Closure User Guide (UG612).
INFO:Timing:2752 - To get complete path coverage, use the unconstrained paths 
   option. All paths that are not constrained will be reported in the 
   unconstrained paths section(s) of the report.
INFO:Timing:3339 - The clock-to-out numbers in this timing report are based on 
   a 50 Ohm transmission line loading model.  For the details of this model, 
   and for more information on accounting for different loading conditions, 
   please see the device datasheet.



Data Sheet report:
-----------------
All values displayed in nanoseconds (ns)

Setup/Hold to clock sysclk
------------+------------+------------+------------+------------+------------------+--------+
            |Max Setup to|  Process   |Max Hold to |  Process   |                  | Clock  |
Source      | clk (edge) |   Corner   | clk (edge) |   Corner   |Internal Clock(s) | Phase  |
------------+------------+------------+------------+------------+------------------+--------+
btn         |    5.162(R)|      SLOW  |   -0.228(R)|      SLOW  |sysclk_BUFGP      |   0.000|
cnten       |    4.162(R)|      SLOW  |   -0.231(R)|      SLOW  |sysclk_BUFGP      |   0.000|
mode        |    0.558(R)|      FAST  |    0.228(R)|      SLOW  |sysclk_BUFGP      |   0.000|
reset       |    3.878(R)|      SLOW  |    0.406(R)|      SLOW  |sysclk_BUFGP      |   0.000|
------------+------------+------------+------------+------------+------------------+--------+

Clock sysclk to Pad
------------+-----------------+------------+-----------------+------------+------------------+--------+
            |Max (slowest) clk|  Process   |Min (fastest) clk|  Process   |                  | Clock  |
Destination |  (edge) to PAD  |   Corner   |  (edge) to PAD  |   Corner   |Internal Clock(s) | Phase  |
------------+-----------------+------------+-----------------+------------+------------------+--------+
tc          |        10.283(R)|      SLOW  |         4.179(R)|      FAST  |sysclk_BUFGP      |   0.000|
time_cnt<0> |         6.867(R)|      SLOW  |         3.540(R)|      FAST  |sysclk_BUFGP      |   0.000|
time_cnt<1> |         7.114(R)|      SLOW  |         3.719(R)|      FAST  |sysclk_BUFGP      |   0.000|
time_cnt<2> |         6.852(R)|      SLOW  |         3.536(R)|      FAST  |sysclk_BUFGP      |   0.000|
time_cnt<3> |         6.964(R)|      SLOW  |         3.587(R)|      FAST  |sysclk_BUFGP      |   0.000|
time_cnt<4> |         6.596(R)|      SLOW  |         3.379(R)|      FAST  |sysclk_BUFGP      |   0.000|
time_cnt<5> |         6.784(R)|      SLOW  |         3.464(R)|      FAST  |sysclk_BUFGP      |   0.000|
time_cnt<6> |         6.645(R)|      SLOW  |         3.422(R)|      FAST  |sysclk_BUFGP      |   0.000|
time_cnt<7> |         6.755(R)|      SLOW  |         3.518(R)|      FAST  |sysclk_BUFGP      |   0.000|
time_cnt<8> |         7.006(R)|      SLOW  |         3.627(R)|      FAST  |sysclk_BUFGP      |   0.000|
time_cnt<9> |         7.214(R)|      SLOW  |         3.751(R)|      FAST  |sysclk_BUFGP      |   0.000|
time_cnt<10>|         7.657(R)|      SLOW  |         4.033(R)|      FAST  |sysclk_BUFGP      |   0.000|
time_cnt<11>|         7.669(R)|      SLOW  |         4.085(R)|      FAST  |sysclk_BUFGP      |   0.000|
time_cnt<12>|         7.461(R)|      SLOW  |         3.977(R)|      FAST  |sysclk_BUFGP      |   0.000|
time_cnt<13>|         7.442(R)|      SLOW  |         3.913(R)|      FAST  |sysclk_BUFGP      |   0.000|
time_cnt<14>|         7.035(R)|      SLOW  |         3.646(R)|      FAST  |sysclk_BUFGP      |   0.000|
time_cnt<15>|         7.056(R)|      SLOW  |         3.624(R)|      FAST  |sysclk_BUFGP      |   0.000|
time_cnt<16>|         7.535(R)|      SLOW  |         3.994(R)|      FAST  |sysclk_BUFGP      |   0.000|
time_cnt<17>|         7.382(R)|      SLOW  |         3.849(R)|      FAST  |sysclk_BUFGP      |   0.000|
time_cnt<18>|         7.161(R)|      SLOW  |         3.740(R)|      FAST  |sysclk_BUFGP      |   0.000|
time_cnt<19>|         7.261(R)|      SLOW  |         3.820(R)|      FAST  |sysclk_BUFGP      |   0.000|
time_cnt<20>|         7.072(R)|      SLOW  |         3.687(R)|      FAST  |sysclk_BUFGP      |   0.000|
time_cnt<21>|         7.135(R)|      SLOW  |         3.691(R)|      FAST  |sysclk_BUFGP      |   0.000|
time_cnt<22>|         7.020(R)|      SLOW  |         3.640(R)|      FAST  |sysclk_BUFGP      |   0.000|
time_cnt<23>|         7.193(R)|      SLOW  |         3.770(R)|      FAST  |sysclk_BUFGP      |   0.000|
------------+-----------------+------------+-----------------+------------+------------------+--------+

Clock to Setup on destination clock sysclk
---------------+---------+---------+---------+---------+
               | Src:Rise| Src:Fall| Src:Rise| Src:Fall|
Source Clock   |Dest:Rise|Dest:Rise|Dest:Fall|Dest:Fall|
---------------+---------+---------+---------+---------+
sysclk         |    5.074|         |         |         |
---------------+---------+---------+---------+---------+

Pad to Pad
---------------+---------------+---------+
Source Pad     |Destination Pad|  Delay  |
---------------+---------------+---------+
btn            |tc             |    8.926|
cnten          |tc             |    8.846|
---------------+---------------+---------+


Analysis completed Thu Nov 03 12:10:27 2016 
--------------------------------------------------------------------------------

Trace Settings:
-------------------------
Trace Settings 

Peak Memory Usage: 247 MB



