ISim log file
Running: D:\School UAntwerpen\Electronica-1\Labo Digitaal\ISE Projects\Gitmap kopie\vhdl-clock\Date\tb_date_block_isim_beh.exe -intstyle ise -gui -tclbatch isim.cmd -wdb D:/School UAntwerpen/Electronica-1/Labo Digitaal/ISE Projects/Gitmap kopie/vhdl-clock/Date/tb_date_block_isim_beh.wdb 
ISim P.49d (signature 0x7708f090)
WARNING: A WEBPACK license was found.
WARNING: Please use Xilinx License Configuration Manager to check out a full ISim license.
WARNING: ISim will run in Lite mode. Please refer to the ISim documentation for more information on the differences between the Lite and the Full version.
This is a Lite version of ISim.
Time resolution is 1 ps
# onerror resume
# wave add /
# run 1000 ns
Simulator is doing circuit initialization process.
at 0 ps, Instance /tb_date_block/uut/T3/ : Warning: NUMERIC_STD.TO_INTEGER: metavalue detected, returning 0
at 0 ps, Instance /tb_date_block/uut/T3/ : Warning: NUMERIC_STD.TO_INTEGER: metavalue detected, returning 0
at 0 ps, Instance /tb_date_block/uut/SD/ : Warning: NUMERIC_STD.TO_INTEGER: metavalue detected, returning 0
at 0 ps, Instance /tb_date_block/uut/SD/ : Warning: NUMERIC_STD.TO_INTEGER: metavalue detected, returning 0
at 0 ps, Instance /tb_date_block/uut/SD/ : Warning: NUMERIC_STD.TO_INTEGER: metavalue detected, returning 0
at 0 ps, Instance /tb_date_block/uut/SD/ : Warning: NUMERIC_STD.TO_INTEGER: metavalue detected, returning 0
Finished circuit initialization process.
# run 200ms
