Running: D:\Xilinx\14.4\ISE_DS\ISE\bin\nt64\unwrapped\fuse.exe -intstyle ise -incremental -lib secureip -o D:/School UAntwerpen/Electronica-1/Labo Digitaal/ISE Projects/Gitmap kopie/vhdl-clock/Wekker/tb_wekker_block_isim_beh.exe -prj D:/School UAntwerpen/Electronica-1/Labo Digitaal/ISE Projects/Gitmap kopie/vhdl-clock/Wekker/tb_wekker_block_beh.prj work.tb_wekker_block 
ISim P.49d (signature 0x7708f090)
Number of CPUs detected in this system: 8
Turning on mult-threading, number of parallel sub-compilation jobs: 16 
Determining compilation order of HDL files
Parsing VHDL file "D:/School UAntwerpen/Electronica-1/Labo Digitaal/ISE Projects/Gitmap kopie/vhdl-clock/Wekker/../counter.vhd" into library work
Parsing VHDL file "D:/School UAntwerpen/Electronica-1/Labo Digitaal/ISE Projects/Gitmap kopie/vhdl-clock/Wekker/wekker_block.vhd" into library work
Parsing VHDL file "D:/School UAntwerpen/Electronica-1/Labo Digitaal/ISE Projects/Gitmap kopie/vhdl-clock/Wekker/tb_wekker_block.vhd" into library work
Starting static elaboration
Completed static elaboration
Compiling package standard
Compiling package std_logic_1164
Compiling package numeric_std
Compiling architecture behavioral of entity counter [counter_default]
Compiling architecture behavioral of entity wekker_block [wekker_block_default]
Compiling architecture behavior of entity tb_wekker_block
Time Resolution for simulation is 1ps.
WARNING:Simulator - Unable to copy libPortabilityNOSH.dll to the simulation executable directory: boost::filesystem::copy_file: Het systeem kan het opgegeven pad niet vinden, "isim\tb_wekker_block_isim_beh.exe.sim\libPortability.dll".
Compiled 8 VHDL Units
Built simulation executable D:/School UAntwerpen/Electronica-1/Labo Digitaal/ISE Projects/Gitmap kopie/vhdl-clock/Wekker/tb_wekker_block_isim_beh.exe
Fuse Memory Usage: 36164 KB
Fuse CPU Usage: 405 ms
